<?xml version="1.0" encoding="UTF-8"?>
<!-- Generated by org.testng.reporters.JUnitReportReporter -->
<testsuite skipped="0" hostname="DESKTOP-TU76DCC" name="SystemMailTracking.testcases.SystemEmails.BroadCastEmailTest" tests="1" failures="0" timestamp="23 Aug 2018 12:18:54 GMT" time="52.202" errors="0">
  <testcase name="BroadCastEmail" time="52.202" classname="SystemMailTracking.testcases.SystemEmails.BroadCastEmailTest"/>
</testsuite> <!-- SystemMailTracking.testcases.SystemEmails.BroadCastEmailTest -->
