<?xml version="1.0" encoding="UTF-8"?>
<!-- Generated by org.testng.reporters.JUnitReportReporter -->
<testsuite skipped="0" hostname="DESKTOP-TU76DCC" name="SystemMailTracking.testcases.SystemEmails.ReoptinEmailTest" tests="1" failures="0" timestamp="30 Aug 2018 03:02:15 GMT" time="43.833" errors="0">
  <testcase name="ReoptinEmail" time="43.833" classname="SystemMailTracking.testcases.SystemEmails.ReoptinEmailTest"/>
</testsuite> <!-- SystemMailTracking.testcases.SystemEmails.ReoptinEmailTest -->
