<?xml version="1.0" encoding="UTF-8"?>
<!-- Generated by org.testng.reporters.JUnitReportReporter -->
<testsuite skipped="0" hostname="DESKTOP-TU76DCC" name="SystemMailTracking.testcases.SessionSuite.ForgotPasswordTestCase" tests="1" failures="0" timestamp="23 Aug 2018 12:18:54 GMT" time="55.093" errors="0">
  <testcase name="ForgotPasswordTest" time="55.093" classname="SystemMailTracking.testcases.SessionSuite.ForgotPasswordTestCase"/>
</testsuite> <!-- SystemMailTracking.testcases.SessionSuite.ForgotPasswordTestCase -->
