<?xml version="1.0" encoding="UTF-8"?>
<!-- Generated by org.testng.reporters.JUnitReportReporter -->
<testsuite skipped="0" hostname="DESKTOP-TU76DCC" name="SystemMailTracking.testcases.SessionSuite.ForgotPasswordTestCase" tests="1" failures="0" timestamp="21 Aug 2018 14:12:15 GMT" time="69.182" errors="0">
  <testcase name="ForgotPasswordTest" time="69.182" classname="SystemMailTracking.testcases.SessionSuite.ForgotPasswordTestCase"/>
</testsuite> <!-- SystemMailTracking.testcases.SessionSuite.ForgotPasswordTestCase -->
