<?xml version="1.0" encoding="UTF-8"?>
<!-- Generated by org.testng.reporters.JUnitReportReporter -->
<testsuite skipped="0" hostname="DESKTOP-TU76DCC" name="SystemMailTracking.testcases.SessionSuite.LoginTest" tests="1" failures="0" timestamp="21 Aug 2018 14:12:15 GMT" time="13.049" errors="0">
  <testcase name="loginTest" time="13.049" classname="SystemMailTracking.testcases.SessionSuite.LoginTest"/>
</testsuite> <!-- SystemMailTracking.testcases.SessionSuite.LoginTest -->
