<?xml version="1.0" encoding="UTF-8"?>
<!-- Generated by org.testng.reporters.JUnitReportReporter -->
<testsuite skipped="0" hostname="DESKTOP-TU76DCC" name="SystemMailTracking.testcases.SessionSuite.CreateNewAccountTest" tests="1" failures="0" timestamp="27 Aug 2018 19:52:28 GMT" time="43.675" errors="0">
  <testcase name="CreateNewAccount" time="43.675" classname="SystemMailTracking.testcases.SessionSuite.CreateNewAccountTest"/>
</testsuite> <!-- SystemMailTracking.testcases.SessionSuite.CreateNewAccountTest -->
