<?xml version="1.0" encoding="UTF-8"?>
<!-- Generated by org.testng.reporters.JUnitReportReporter -->
<testsuite skipped="0" hostname="DESKTOP-TU76DCC" name="SystemMailTracking.testcases.SystemEmails.deletecontact" tests="1" failures="0" timestamp="23 Aug 2018 12:18:54 GMT" time="41.984" errors="0">
  <testcase name="deletecontactTest" time="41.984" classname="SystemMailTracking.testcases.SystemEmails.deletecontact"/>
</testsuite> <!-- SystemMailTracking.testcases.SystemEmails.deletecontact -->
