<?xml version="1.0" encoding="UTF-8"?>
<!-- Generated by org.testng.reporters.JUnitReportReporter -->
<testsuite skipped="0" hostname="DESKTOP-TU76DCC" name="SystemMailTracking.testcases.SessionSuite.ForgotPasswordTestCase" tests="1" failures="0" timestamp="30 Aug 2018 03:02:15 GMT" time="111.162" errors="0">
  <testcase name="ForgotPasswordTest" time="111.162" classname="SystemMailTracking.testcases.SessionSuite.ForgotPasswordTestCase"/>
</testsuite> <!-- SystemMailTracking.testcases.SessionSuite.ForgotPasswordTestCase -->
