<?xml version="1.0" encoding="UTF-8"?>
<!-- Generated by org.testng.reporters.JUnitReportReporter -->
<testsuite skipped="0" hostname="DESKTOP-TU76DCC" name="SystemMailTracking.testcases.SystemEmails.ResourceEmailTest" tests="1" failures="0" timestamp="23 Aug 2018 12:18:54 GMT" time="41.613" errors="0">
  <testcase name="ResourceEmail" time="41.613" classname="SystemMailTracking.testcases.SystemEmails.ResourceEmailTest"/>
</testsuite> <!-- SystemMailTracking.testcases.SystemEmails.ResourceEmailTest -->
