<?xml version="1.0" encoding="UTF-8"?>
<!-- Generated by org.testng.reporters.JUnitReportReporter -->
<testsuite skipped="0" hostname="DESKTOP-TU76DCC" name="SystemMailTracking.testcases.SessionSuite.CreateNewAccountTest" tests="1" failures="0" timestamp="30 Aug 2018 03:02:15 GMT" time="53.593" errors="0">
  <testcase name="CreateNewAccount" time="53.593" classname="SystemMailTracking.testcases.SessionSuite.CreateNewAccountTest"/>
</testsuite> <!-- SystemMailTracking.testcases.SessionSuite.CreateNewAccountTest -->
