<?xml version="1.0" encoding="UTF-8"?>
<!-- Generated by org.testng.reporters.JUnitReportReporter -->
<testsuite skipped="0" hostname="DESKTOP-TU76DCC" name="SystemMailTracking.testcases.SessionSuite.deletepaiduser" tests="1" failures="0" timestamp="08 Aug 2018 11:10:56 GMT" time="30.072" errors="0">
  <testcase name="deletepaiduserTest" time="30.072" classname="SystemMailTracking.testcases.SessionSuite.deletepaiduser"/>
</testsuite> <!-- SystemMailTracking.testcases.SessionSuite.deletepaiduser -->
