<?xml version="1.0" encoding="UTF-8"?>
<!-- Generated by org.testng.reporters.JUnitReportReporter -->
<testsuite skipped="0" hostname="DESKTOP-TU76DCC" name="SystemMailTracking.testcases.SystemEmails.ResourceEmailTest" tests="1" failures="0" timestamp="27 Aug 2018 19:52:28 GMT" time="69.659" errors="0">
  <testcase name="ResourceEmail" time="69.659" classname="SystemMailTracking.testcases.SystemEmails.ResourceEmailTest"/>
</testsuite> <!-- SystemMailTracking.testcases.SystemEmails.ResourceEmailTest -->
