<?xml version="1.0" encoding="UTF-8"?>
<!-- Generated by org.testng.reporters.JUnitReportReporter -->
<testsuite skipped="0" hostname="DESKTOP-TU76DCC" name="SystemMailTracking.testcases.SystemEmails.ReoptinEmailTest" tests="1" failures="0" timestamp="21 Aug 2018 14:12:15 GMT" time="43.648" errors="0">
  <testcase name="ReoptinEmail" time="43.648" classname="SystemMailTracking.testcases.SystemEmails.ReoptinEmailTest"/>
</testsuite> <!-- SystemMailTracking.testcases.SystemEmails.ReoptinEmailTest -->
