<?xml version="1.0" encoding="UTF-8"?>
<!-- Generated by org.testng.reporters.JUnitReportReporter -->
<testsuite skipped="0" hostname="DESKTOP-TU76DCC" name="SystemMailTracking.testcases.SystemEmails.deletecontact" tests="1" failures="0" timestamp="21 Aug 2018 14:12:15 GMT" time="43.731" errors="0">
  <testcase name="deletecontactTest" time="43.731" classname="SystemMailTracking.testcases.SystemEmails.deletecontact"/>
</testsuite> <!-- SystemMailTracking.testcases.SystemEmails.deletecontact -->
