<?xml version="1.0" encoding="UTF-8"?>
<!-- Generated by org.testng.reporters.JUnitReportReporter -->
<testsuite skipped="0" hostname="DESKTOP-TU76DCC" name="SystemMailTracking.testcases.SessionSuite.LoginTest" tests="1" failures="0" timestamp="23 Aug 2018 12:18:54 GMT" time="17.313" errors="0">
  <testcase name="loginTest" time="17.313" classname="SystemMailTracking.testcases.SessionSuite.LoginTest"/>
</testsuite> <!-- SystemMailTracking.testcases.SessionSuite.LoginTest -->
