<?xml version="1.0" encoding="UTF-8"?>
<!-- Generated by org.testng.reporters.JUnitReportReporter -->
<testsuite skipped="0" hostname="DESKTOP-TU76DCC" name="SystemMailTracking.testcases.SystemEmails.BroadCastEmailTest" tests="1" failures="0" timestamp="21 Aug 2018 14:12:15 GMT" time="63.542" errors="0">
  <testcase name="BroadCastEmail" time="63.542" classname="SystemMailTracking.testcases.SystemEmails.BroadCastEmailTest"/>
</testsuite> <!-- SystemMailTracking.testcases.SystemEmails.BroadCastEmailTest -->
