<?xml version="1.0" encoding="UTF-8"?>
<!-- Generated by org.testng.reporters.JUnitReportReporter -->
<testsuite skipped="0" hostname="DESKTOP-TU76DCC" name="SystemMailTracking.testcases.SessionSuite.ContinueToPaymentTest" tests="1" failures="0" timestamp="08 Aug 2018 11:10:56 GMT" time="46.477" errors="0">
  <testcase name="ContinueToPayment" time="46.477" classname="SystemMailTracking.testcases.SessionSuite.ContinueToPaymentTest"/>
</testsuite> <!-- SystemMailTracking.testcases.SessionSuite.ContinueToPaymentTest -->
