<?xml version="1.0" encoding="UTF-8"?>
<!-- Generated by org.testng.reporters.JUnitReportReporter -->
<testsuite skipped="0" hostname="DESKTOP-TU76DCC" name="SystemMailTracking.testcases.SystemEmails.ReoptinEmailTest" tests="1" failures="0" timestamp="27 Aug 2018 19:52:28 GMT" time="71.540" errors="0">
  <testcase name="ReoptinEmail" time="71.540" classname="SystemMailTracking.testcases.SystemEmails.ReoptinEmailTest"/>
</testsuite> <!-- SystemMailTracking.testcases.SystemEmails.ReoptinEmailTest -->
