<?xml version="1.0" encoding="UTF-8"?>
<!-- Generated by org.testng.reporters.JUnitReportReporter -->
<testsuite skipped="0" hostname="DESKTOP-TU76DCC" name="SystemMailTracking.testcases.SessionSuite.deleteTrialuser" tests="1" failures="0" timestamp="23 Aug 2018 12:18:54 GMT" time="62.297" errors="0">
  <testcase name="deleteTrialuserTest" time="62.297" classname="SystemMailTracking.testcases.SessionSuite.deleteTrialuser"/>
</testsuite> <!-- SystemMailTracking.testcases.SessionSuite.deleteTrialuser -->
