<?xml version="1.0" encoding="UTF-8"?>
<!-- Generated by org.testng.reporters.JUnitReportReporter -->
<testsuite skipped="0" hostname="DESKTOP-TU76DCC" name="SystemMailTracking.testcases.SystemEmails.AddNewContactOptinTest" tests="1" failures="0" timestamp="23 Aug 2018 12:18:54 GMT" time="50.310" errors="0">
  <testcase name="AddNewContactOptin" time="50.310" classname="SystemMailTracking.testcases.SystemEmails.AddNewContactOptinTest"/>
</testsuite> <!-- SystemMailTracking.testcases.SystemEmails.AddNewContactOptinTest -->
