<?xml version="1.0" encoding="UTF-8"?>
<!-- Generated by org.testng.reporters.JUnitReportReporter -->
<testsuite name="SystemMailTracking.testcases.SystemEmails.deletecontact" tests="1" time="51.751" ignored="0" failures="0" timestamp="31 Jul 2018 12:00:01 GMT" skipped="0" hostname="DESKTOP-TU76DCC" errors="0">
  <testcase name="deletecontactTest" time="51.751" classname="SystemMailTracking.testcases.SystemEmails.deletecontact"/>
</testsuite> <!-- SystemMailTracking.testcases.SystemEmails.deletecontact -->
