<?xml version="1.0" encoding="UTF-8"?>
<!-- Generated by org.testng.reporters.JUnitReportReporter -->
<testsuite name="SystemMailTracking.testcases.SessionSuite.LoginTest" tests="1" time="14.308" ignored="0" failures="0" timestamp="31 Jul 2018 12:00:01 GMT" skipped="0" hostname="DESKTOP-TU76DCC" errors="0">
  <testcase name="loginTest" time="14.308" classname="SystemMailTracking.testcases.SessionSuite.LoginTest"/>
</testsuite> <!-- SystemMailTracking.testcases.SessionSuite.LoginTest -->
