<?xml version="1.0" encoding="UTF-8"?>
<!-- Generated by org.testng.reporters.JUnitReportReporter -->
<testsuite name="SystemMailTracking.testcases.SessionSuite.deleteTrialuser" tests="1" time="29.528" ignored="0" failures="0" timestamp="31 Jul 2018 12:00:01 GMT" skipped="0" hostname="DESKTOP-TU76DCC" errors="0">
  <testcase name="deleteTrialuserTest" time="29.528" classname="SystemMailTracking.testcases.SessionSuite.deleteTrialuser"/>
</testsuite> <!-- SystemMailTracking.testcases.SessionSuite.deleteTrialuser -->
